<?xml version="1.0" encoding="UTF-8"?>
<robot generator="Robot 6.1.1 (Python 3.13.9 on darwin)" generated="20251114 15:50:54.600" rpa="false" schemaversion="4">
<suite id="s1" name="Tests" source="/Users/laurimakynen/Desktop/Kurssit/Ohjelmistotuotanto/Palautusrepositorio/osa3/login-robot/src/tests">
<suite id="s1-s1" name="Login" source="/Users/laurimakynen/Desktop/Kurssit/Ohjelmistotuotanto/Palautusrepositorio/osa3/login-robot/src/tests/login.robot">
<test id="s1-s1-t1" name="Login With Correct Credentials" line="6">
<kw name="Create User And Input Login Command" type="SETUP">
<kw name="Create User" library="AppLibrary">
<arg>kalle</arg>
<arg>kalle123</arg>
<status status="PASS" starttime="20251114 15:50:54.622" endtime="20251114 15:50:54.622"/>
</kw>
<kw name="Input Login Command" library="resource">
<kw name="Input" library="AppLibrary">
<arg>login</arg>
<status status="PASS" starttime="20251114 15:50:54.622" endtime="20251114 15:50:54.622"/>
</kw>
<status status="PASS" starttime="20251114 15:50:54.622" endtime="20251114 15:50:54.622"/>
</kw>
<status status="PASS" starttime="20251114 15:50:54.622" endtime="20251114 15:50:54.622"/>
</kw>
<kw name="Input Credentials" library="resource">
<arg>kalle</arg>
<arg>kalle123</arg>
<kw name="Input" library="AppLibrary">
<arg>${username}</arg>
<status status="PASS" starttime="20251114 15:50:54.622" endtime="20251114 15:50:54.622"/>
</kw>
<kw name="Input" library="AppLibrary">
<arg>${password}</arg>
<status status="PASS" starttime="20251114 15:50:54.622" endtime="20251114 15:50:54.622"/>
</kw>
<kw name="Run Application" library="AppLibrary">
<status status="PASS" starttime="20251114 15:50:54.622" endtime="20251114 15:50:54.622"/>
</kw>
<status status="PASS" starttime="20251114 15:50:54.622" endtime="20251114 15:50:54.622"/>
</kw>
<kw name="Output Should Contain" library="AppLibrary">
<arg>Logged in</arg>
<status status="PASS" starttime="20251114 15:50:54.622" endtime="20251114 15:50:54.622"/>
</kw>
<status status="PASS" starttime="20251114 15:50:54.622" endtime="20251114 15:50:54.622"/>
</test>
<test id="s1-s1-t2" name="Login With Incorrect Password" line="10">
<kw name="Create User And Input Login Command" type="SETUP">
<kw name="Create User" library="AppLibrary">
<arg>kalle</arg>
<arg>kalle123</arg>
<status status="PASS" starttime="20251114 15:50:54.623" endtime="20251114 15:50:54.623"/>
</kw>
<kw name="Input Login Command" library="resource">
<kw name="Input" library="AppLibrary">
<arg>login</arg>
<status status="PASS" starttime="20251114 15:50:54.623" endtime="20251114 15:50:54.623"/>
</kw>
<status status="PASS" starttime="20251114 15:50:54.623" endtime="20251114 15:50:54.623"/>
</kw>
<status status="PASS" starttime="20251114 15:50:54.623" endtime="20251114 15:50:54.623"/>
</kw>
<kw name="Input Credentials" library="resource">
<arg>kalle</arg>
<arg>wrongpassword</arg>
<kw name="Input" library="AppLibrary">
<arg>${username}</arg>
<status status="PASS" starttime="20251114 15:50:54.623" endtime="20251114 15:50:54.623"/>
</kw>
<kw name="Input" library="AppLibrary">
<arg>${password}</arg>
<status status="PASS" starttime="20251114 15:50:54.623" endtime="20251114 15:50:54.623"/>
</kw>
<kw name="Run Application" library="AppLibrary">
<status status="PASS" starttime="20251114 15:50:54.623" endtime="20251114 15:50:54.623"/>
</kw>
<status status="PASS" starttime="20251114 15:50:54.623" endtime="20251114 15:50:54.623"/>
</kw>
<kw name="Output Should Contain" library="AppLibrary">
<arg>Invalid username or password</arg>
<status status="PASS" starttime="20251114 15:50:54.623" endtime="20251114 15:50:54.623"/>
</kw>
<status status="PASS" starttime="20251114 15:50:54.623" endtime="20251114 15:50:54.623"/>
</test>
<test id="s1-s1-t3" name="Login With Nonexistent Username" line="14">
<kw name="Create User And Input Login Command" type="SETUP">
<kw name="Create User" library="AppLibrary">
<arg>kalle</arg>
<arg>kalle123</arg>
<status status="PASS" starttime="20251114 15:50:54.623" endtime="20251114 15:50:54.623"/>
</kw>
<kw name="Input Login Command" library="resource">
<kw name="Input" library="AppLibrary">
<arg>login</arg>
<status status="PASS" starttime="20251114 15:50:54.623" endtime="20251114 15:50:54.624"/>
</kw>
<status status="PASS" starttime="20251114 15:50:54.623" endtime="20251114 15:50:54.624"/>
</kw>
<status status="PASS" starttime="20251114 15:50:54.623" endtime="20251114 15:50:54.624"/>
</kw>
<kw name="Input Credentials" library="resource">
<arg>nonexistentusername</arg>
<arg>whatever</arg>
<kw name="Input" library="AppLibrary">
<arg>${username}</arg>
<status status="PASS" starttime="20251114 15:50:54.624" endtime="20251114 15:50:54.624"/>
</kw>
<kw name="Input" library="AppLibrary">
<arg>${password}</arg>
<status status="PASS" starttime="20251114 15:50:54.624" endtime="20251114 15:50:54.624"/>
</kw>
<kw name="Run Application" library="AppLibrary">
<status status="PASS" starttime="20251114 15:50:54.624" endtime="20251114 15:50:54.624"/>
</kw>
<status status="PASS" starttime="20251114 15:50:54.624" endtime="20251114 15:50:54.624"/>
</kw>
<kw name="Output Should Contain" library="AppLibrary">
<arg>Invalid username or password</arg>
<status status="PASS" starttime="20251114 15:50:54.624" endtime="20251114 15:50:54.624"/>
</kw>
<status status="PASS" starttime="20251114 15:50:54.623" endtime="20251114 15:50:54.624"/>
</test>
<status status="PASS" starttime="20251114 15:50:54.615" endtime="20251114 15:50:54.624"/>
</suite>
<suite id="s1-s2" name="Register" source="/Users/laurimakynen/Desktop/Kurssit/Ohjelmistotuotanto/Palautusrepositorio/osa3/login-robot/src/tests/register.robot">
<test id="s1-s2-t1" name="Register With Valid Username And Password" line="6">
<kw name="Input New Command" library="resource" type="SETUP">
<kw name="Input" library="AppLibrary">
<arg>new</arg>
<status status="PASS" starttime="20251114 15:50:54.625" endtime="20251114 15:50:54.625"/>
</kw>
<status status="PASS" starttime="20251114 15:50:54.625" endtime="20251114 15:50:54.625"/>
</kw>
<kw name="Input Credentials" library="resource">
<arg>kalle</arg>
<arg>kalle123</arg>
<kw name="Input" library="AppLibrary">
<arg>${username}</arg>
<status status="PASS" starttime="20251114 15:50:54.625" endtime="20251114 15:50:54.625"/>
</kw>
<kw name="Input" library="AppLibrary">
<arg>${password}</arg>
<status status="PASS" starttime="20251114 15:50:54.625" endtime="20251114 15:50:54.625"/>
</kw>
<kw name="Run Application" library="AppLibrary">
<status status="PASS" starttime="20251114 15:50:54.625" endtime="20251114 15:50:54.625"/>
</kw>
<status status="PASS" starttime="20251114 15:50:54.625" endtime="20251114 15:50:54.625"/>
</kw>
<kw name="Output Should Contain" library="AppLibrary">
<arg>New user registered</arg>
<status status="PASS" starttime="20251114 15:50:54.625" endtime="20251114 15:50:54.625"/>
</kw>
<status status="PASS" starttime="20251114 15:50:54.625" endtime="20251114 15:50:54.625"/>
</test>
<test id="s1-s2-t2" name="Register With Already Taken Username And Valid Password" line="10">
<kw name="Input New Command" library="resource" type="SETUP">
<kw name="Input" library="AppLibrary">
<arg>new</arg>
<status status="PASS" starttime="20251114 15:50:54.626" endtime="20251114 15:50:54.626"/>
</kw>
<status status="PASS" starttime="20251114 15:50:54.626" endtime="20251114 15:50:54.626"/>
</kw>
<kw name="Input Credentials" library="resource">
<arg>Markus</arg>
<arg>Makke123</arg>
<kw name="Input" library="AppLibrary">
<arg>${username}</arg>
<status status="PASS" starttime="20251114 15:50:54.626" endtime="20251114 15:50:54.626"/>
</kw>
<kw name="Input" library="AppLibrary">
<arg>${password}</arg>
<status status="PASS" starttime="20251114 15:50:54.626" endtime="20251114 15:50:54.626"/>
</kw>
<kw name="Run Application" library="AppLibrary">
<status status="PASS" starttime="20251114 15:50:54.626" endtime="20251114 15:50:54.626"/>
</kw>
<status status="PASS" starttime="20251114 15:50:54.626" endtime="20251114 15:50:54.626"/>
</kw>
<kw name="Output Should Contain" library="AppLibrary">
<arg>Username already exists</arg>
<msg timestamp="20251114 15:50:54.626" level="FAIL">Output "Username already exists" is not in ['New user registered']</msg>
<status status="FAIL" starttime="20251114 15:50:54.626" endtime="20251114 15:50:54.627"/>
</kw>
<status status="FAIL" starttime="20251114 15:50:54.625" endtime="20251114 15:50:54.627">Output "Username already exists" is not in ['New user registered']</status>
</test>
<test id="s1-s2-t3" name="Register With Too Short Username And Valid Password" line="14">
<kw name="Input New Command" library="resource" type="SETUP">
<kw name="Input" library="AppLibrary">
<arg>new</arg>
<status status="PASS" starttime="20251114 15:50:54.627" endtime="20251114 15:50:54.627"/>
</kw>
<status status="PASS" starttime="20251114 15:50:54.627" endtime="20251114 15:50:54.627"/>
</kw>
<kw name="Input Credentials" library="resource">
<arg>ka</arg>
<arg>salasana123!</arg>
<kw name="Input" library="AppLibrary">
<arg>${username}</arg>
<status status="PASS" starttime="20251114 15:50:54.627" endtime="20251114 15:50:54.627"/>
</kw>
<kw name="Input" library="AppLibrary">
<arg>${password}</arg>
<status status="PASS" starttime="20251114 15:50:54.627" endtime="20251114 15:50:54.627"/>
</kw>
<kw name="Run Application" library="AppLibrary">
<status status="PASS" starttime="20251114 15:50:54.627" endtime="20251114 15:50:54.627"/>
</kw>
<status status="PASS" starttime="20251114 15:50:54.627" endtime="20251114 15:50:54.627"/>
</kw>
<kw name="Output Should Contain" library="AppLibrary">
<arg>Username is too short</arg>
<status status="PASS" starttime="20251114 15:50:54.627" endtime="20251114 15:50:54.627"/>
</kw>
<status status="PASS" starttime="20251114 15:50:54.627" endtime="20251114 15:50:54.627"/>
</test>
<test id="s1-s2-t4" name="Register With Enough Long But Invalid Username And Valid Password" line="18">
<kw name="Input New Command" library="resource" type="SETUP">
<kw name="Input" library="AppLibrary">
<arg>new</arg>
<status status="PASS" starttime="20251114 15:50:54.627" endtime="20251114 15:50:54.627"/>
</kw>
<status status="PASS" starttime="20251114 15:50:54.627" endtime="20251114 15:50:54.627"/>
</kw>
<kw name="Input Credentials" library="resource">
<arg>k@ll#</arg>
<arg>Salasana123!</arg>
<kw name="Input" library="AppLibrary">
<arg>${username}</arg>
<status status="PASS" starttime="20251114 15:50:54.628" endtime="20251114 15:50:54.628"/>
</kw>
<kw name="Input" library="AppLibrary">
<arg>${password}</arg>
<status status="PASS" starttime="20251114 15:50:54.628" endtime="20251114 15:50:54.628"/>
</kw>
<kw name="Run Application" library="AppLibrary">
<status status="PASS" starttime="20251114 15:50:54.628" endtime="20251114 15:50:54.628"/>
</kw>
<status status="PASS" starttime="20251114 15:50:54.627" endtime="20251114 15:50:54.628"/>
</kw>
<kw name="Output Should Contain" library="AppLibrary">
<arg>Username contains special characters which are not allowed</arg>
<status status="PASS" starttime="20251114 15:50:54.628" endtime="20251114 15:50:54.628"/>
</kw>
<status status="PASS" starttime="20251114 15:50:54.627" endtime="20251114 15:50:54.628"/>
</test>
<test id="s1-s2-t5" name="Register With Valid Username And Too Short Password" line="22">
<kw name="Input New Command" library="resource" type="SETUP">
<kw name="Input" library="AppLibrary">
<arg>new</arg>
<status status="PASS" starttime="20251114 15:50:54.628" endtime="20251114 15:50:54.628"/>
</kw>
<status status="PASS" starttime="20251114 15:50:54.628" endtime="20251114 15:50:54.628"/>
</kw>
<kw name="Input Credentials" library="resource">
<arg>matti</arg>
<arg>aa</arg>
<kw name="Input" library="AppLibrary">
<arg>${username}</arg>
<status status="PASS" starttime="20251114 15:50:54.628" endtime="20251114 15:50:54.628"/>
</kw>
<kw name="Input" library="AppLibrary">
<arg>${password}</arg>
<status status="PASS" starttime="20251114 15:50:54.628" endtime="20251114 15:50:54.628"/>
</kw>
<kw name="Run Application" library="AppLibrary">
<status status="PASS" starttime="20251114 15:50:54.628" endtime="20251114 15:50:54.628"/>
</kw>
<status status="PASS" starttime="20251114 15:50:54.628" endtime="20251114 15:50:54.628"/>
</kw>
<kw name="Output Should Contain" library="AppLibrary">
<arg>Password must be at least 8 characters long</arg>
<status status="PASS" starttime="20251114 15:50:54.628" endtime="20251114 15:50:54.628"/>
</kw>
<status status="PASS" starttime="20251114 15:50:54.628" endtime="20251114 15:50:54.628"/>
</test>
<test id="s1-s2-t6" name="Register With Valid Username And Long Enough Password Containing Only Letters" line="26">
<kw name="Input New Command" library="resource" type="SETUP">
<kw name="Input" library="AppLibrary">
<arg>new</arg>
<status status="PASS" starttime="20251114 15:50:54.629" endtime="20251114 15:50:54.629"/>
</kw>
<status status="PASS" starttime="20251114 15:50:54.628" endtime="20251114 15:50:54.629"/>
</kw>
<kw name="Input Credentials" library="resource">
<arg>maija</arg>
<arg>abcdefghij</arg>
<kw name="Input" library="AppLibrary">
<arg>${username}</arg>
<status status="PASS" starttime="20251114 15:50:54.629" endtime="20251114 15:50:54.629"/>
</kw>
<kw name="Input" library="AppLibrary">
<arg>${password}</arg>
<status status="PASS" starttime="20251114 15:50:54.629" endtime="20251114 15:50:54.629"/>
</kw>
<kw name="Run Application" library="AppLibrary">
<status status="PASS" starttime="20251114 15:50:54.629" endtime="20251114 15:50:54.629"/>
</kw>
<status status="PASS" starttime="20251114 15:50:54.629" endtime="20251114 15:50:54.629"/>
</kw>
<kw name="Output Should Contain" library="AppLibrary">
<arg>Password must contain at least one number or special character</arg>
<status status="PASS" starttime="20251114 15:50:54.629" endtime="20251114 15:50:54.629"/>
</kw>
<status status="PASS" starttime="20251114 15:50:54.628" endtime="20251114 15:50:54.629"/>
</test>
<status status="FAIL" starttime="20251114 15:50:54.624" endtime="20251114 15:50:54.629"/>
</suite>
<status status="FAIL" starttime="20251114 15:50:54.601" endtime="20251114 15:50:54.629"/>
</suite>
<statistics>
<total>
<stat pass="8" fail="1" skip="0">All Tests</stat>
</total>
<tag>
</tag>
<suite>
<stat pass="8" fail="1" skip="0" id="s1" name="Tests">Tests</stat>
<stat pass="3" fail="0" skip="0" id="s1-s1" name="Login">Tests.Login</stat>
<stat pass="5" fail="1" skip="0" id="s1-s2" name="Register">Tests.Register</stat>
</suite>
</statistics>
<errors>
</errors>
</robot>
