<?xml version="1.0" encoding="UTF-8"?>
<robot generator="Robot 6.1.1 (Python 3.13.9 on darwin)" generated="20251114 11:50:35.949" rpa="false" schemaversion="4">
<suite id="s1" name="Tests" source="/Users/laurimakynen/Desktop/Kurssit/Ohjelmistotuotanto/Palautusrepositorio/osa3/login-robot/src/tests">
<suite id="s1-s1" name="Login" source="/Users/laurimakynen/Desktop/Kurssit/Ohjelmistotuotanto/Palautusrepositorio/osa3/login-robot/src/tests/login.robot">
<test id="s1-s1-t1" name="Login With Correct Credentials" line="6">
<kw name="Create User And Input Login Command" type="SETUP">
<kw name="Create User" library="AppLibrary">
<arg>kalle</arg>
<arg>kalle123</arg>
<status status="PASS" starttime="20251114 11:50:35.968" endtime="20251114 11:50:35.968"/>
</kw>
<kw name="Input Login Command" library="resource">
<kw name="Input" library="AppLibrary">
<arg>login</arg>
<status status="PASS" starttime="20251114 11:50:35.969" endtime="20251114 11:50:35.969"/>
</kw>
<status status="PASS" starttime="20251114 11:50:35.968" endtime="20251114 11:50:35.969"/>
</kw>
<status status="PASS" starttime="20251114 11:50:35.968" endtime="20251114 11:50:35.969"/>
</kw>
<kw name="Input Credentials" library="resource">
<arg>kalle</arg>
<arg>kalle123</arg>
<kw name="Input" library="AppLibrary">
<arg>${username}</arg>
<status status="PASS" starttime="20251114 11:50:35.969" endtime="20251114 11:50:35.969"/>
</kw>
<kw name="Input" library="AppLibrary">
<arg>${password}</arg>
<status status="PASS" starttime="20251114 11:50:35.969" endtime="20251114 11:50:35.969"/>
</kw>
<kw name="Run Application" library="AppLibrary">
<status status="PASS" starttime="20251114 11:50:35.969" endtime="20251114 11:50:35.969"/>
</kw>
<status status="PASS" starttime="20251114 11:50:35.969" endtime="20251114 11:50:35.969"/>
</kw>
<kw name="Output Should Contain" library="AppLibrary">
<arg>Logged in</arg>
<status status="PASS" starttime="20251114 11:50:35.969" endtime="20251114 11:50:35.969"/>
</kw>
<status status="PASS" starttime="20251114 11:50:35.968" endtime="20251114 11:50:35.969"/>
</test>
<test id="s1-s1-t2" name="Login With Incorrect Password" line="10">
<kw name="Create User And Input Login Command" type="SETUP">
<kw name="Create User" library="AppLibrary">
<arg>kalle</arg>
<arg>kalle123</arg>
<status status="PASS" starttime="20251114 11:50:35.969" endtime="20251114 11:50:35.969"/>
</kw>
<kw name="Input Login Command" library="resource">
<kw name="Input" library="AppLibrary">
<arg>login</arg>
<status status="PASS" starttime="20251114 11:50:35.969" endtime="20251114 11:50:35.969"/>
</kw>
<status status="PASS" starttime="20251114 11:50:35.969" endtime="20251114 11:50:35.969"/>
</kw>
<status status="PASS" starttime="20251114 11:50:35.969" endtime="20251114 11:50:35.969"/>
</kw>
<kw name="Input Credentials" library="resource">
<arg>kalle</arg>
<arg>wrongpassword</arg>
<kw name="Input" library="AppLibrary">
<arg>${username}</arg>
<status status="PASS" starttime="20251114 11:50:35.970" endtime="20251114 11:50:35.970"/>
</kw>
<kw name="Input" library="AppLibrary">
<arg>${password}</arg>
<status status="PASS" starttime="20251114 11:50:35.970" endtime="20251114 11:50:35.970"/>
</kw>
<kw name="Run Application" library="AppLibrary">
<status status="PASS" starttime="20251114 11:50:35.970" endtime="20251114 11:50:35.970"/>
</kw>
<status status="PASS" starttime="20251114 11:50:35.969" endtime="20251114 11:50:35.970"/>
</kw>
<kw name="Output Should Contain" library="AppLibrary">
<arg>Invalid username or password</arg>
<status status="PASS" starttime="20251114 11:50:35.970" endtime="20251114 11:50:35.970"/>
</kw>
<status status="PASS" starttime="20251114 11:50:35.969" endtime="20251114 11:50:35.970"/>
</test>
<test id="s1-s1-t3" name="Login With Nonexistent Username" line="14">
<kw name="Create User And Input Login Command" type="SETUP">
<kw name="Create User" library="AppLibrary">
<arg>kalle</arg>
<arg>kalle123</arg>
<status status="PASS" starttime="20251114 11:50:35.970" endtime="20251114 11:50:35.970"/>
</kw>
<kw name="Input Login Command" library="resource">
<kw name="Input" library="AppLibrary">
<arg>login</arg>
<status status="PASS" starttime="20251114 11:50:35.970" endtime="20251114 11:50:35.970"/>
</kw>
<status status="PASS" starttime="20251114 11:50:35.970" endtime="20251114 11:50:35.970"/>
</kw>
<status status="PASS" starttime="20251114 11:50:35.970" endtime="20251114 11:50:35.970"/>
</kw>
<kw name="Input Credentials" library="resource">
<arg>nonexistentusername</arg>
<arg>whatever</arg>
<kw name="Input" library="AppLibrary">
<arg>${username}</arg>
<status status="PASS" starttime="20251114 11:50:35.970" endtime="20251114 11:50:35.970"/>
</kw>
<kw name="Input" library="AppLibrary">
<arg>${password}</arg>
<status status="PASS" starttime="20251114 11:50:35.970" endtime="20251114 11:50:35.970"/>
</kw>
<kw name="Run Application" library="AppLibrary">
<status status="PASS" starttime="20251114 11:50:35.970" endtime="20251114 11:50:35.970"/>
</kw>
<status status="PASS" starttime="20251114 11:50:35.970" endtime="20251114 11:50:35.971"/>
</kw>
<kw name="Output Should Contain" library="AppLibrary">
<arg>Invalid username or password</arg>
<status status="PASS" starttime="20251114 11:50:35.971" endtime="20251114 11:50:35.971"/>
</kw>
<status status="PASS" starttime="20251114 11:50:35.970" endtime="20251114 11:50:35.971"/>
</test>
<status status="PASS" starttime="20251114 11:50:35.963" endtime="20251114 11:50:35.971"/>
</suite>
<suite id="s1-s2" name="Register" source="/Users/laurimakynen/Desktop/Kurssit/Ohjelmistotuotanto/Palautusrepositorio/osa3/login-robot/src/tests/register.robot">
<test id="s1-s2-t1" name="Register With Valid Username And Password" line="14">
<kw name="Input New Command" type="SETUP">
<kw name="Input" library="AppLibrary">
<arg>new</arg>
<status status="PASS" starttime="20251114 11:50:35.972" endtime="20251114 11:50:35.972"/>
</kw>
<status status="PASS" starttime="20251114 11:50:35.972" endtime="20251114 11:50:35.972"/>
</kw>
<kw name="Input" library="AppLibrary">
<arg>kalle</arg>
<status status="PASS" starttime="20251114 11:50:35.972" endtime="20251114 11:50:35.972"/>
</kw>
<kw name="Input" library="AppLibrary">
<arg>kalle123!</arg>
<status status="PASS" starttime="20251114 11:50:35.972" endtime="20251114 11:50:35.972"/>
</kw>
<kw name="Run Application" library="AppLibrary">
<status status="PASS" starttime="20251114 11:50:35.972" endtime="20251114 11:50:35.972"/>
</kw>
<kw name="Output Should Contain" library="AppLibrary">
<arg>New user registered</arg>
<status status="PASS" starttime="20251114 11:50:35.972" endtime="20251114 11:50:35.972"/>
</kw>
<status status="PASS" starttime="20251114 11:50:35.971" endtime="20251114 11:50:35.972"/>
</test>
<test id="s1-s2-t2" name="Register With Already Taken Username And Valid Password" line="20">
<status status="FAIL" starttime="20251114 11:50:35.972" endtime="20251114 11:50:35.972">Test cannot be empty.</status>
</test>
<test id="s1-s2-t3" name="Register With Too Short Username And Valid Password" line="23">
<status status="FAIL" starttime="20251114 11:50:35.972" endtime="20251114 11:50:35.972">Test cannot be empty.</status>
</test>
<test id="s1-s2-t4" name="Register With Enough Long But Invalid Username And Valid Password" line="26">
<status status="FAIL" starttime="20251114 11:50:35.972" endtime="20251114 11:50:35.972">Test cannot be empty.</status>
</test>
<test id="s1-s2-t5" name="Register With Valid Username And Too Short Password" line="29">
<status status="FAIL" starttime="20251114 11:50:35.972" endtime="20251114 11:50:35.972">Test cannot be empty.</status>
</test>
<test id="s1-s2-t6" name="Register With Valid Username And Long Enough Password Containing Only Letters" line="32">
<status status="FAIL" starttime="20251114 11:50:35.972" endtime="20251114 11:50:35.973">Test cannot be empty.</status>
</test>
<status status="FAIL" starttime="20251114 11:50:35.971" endtime="20251114 11:50:35.973"/>
</suite>
<status status="FAIL" starttime="20251114 11:50:35.950" endtime="20251114 11:50:35.973"/>
</suite>
<statistics>
<total>
<stat pass="4" fail="5" skip="0">All Tests</stat>
</total>
<tag>
</tag>
<suite>
<stat pass="4" fail="5" skip="0" id="s1" name="Tests">Tests</stat>
<stat pass="3" fail="0" skip="0" id="s1-s1" name="Login">Tests.Login</stat>
<stat pass="1" fail="5" skip="0" id="s1-s2" name="Register">Tests.Register</stat>
</suite>
</statistics>
<errors>
</errors>
</robot>
